2025-07-02T16:53:01.397z | INFO     | storeapi.main:18 - Hello from lifespaan
2025-07-02T16:53:01.405z | INFO     | uvicorn.error:62 - Application startup complete.
2025-07-02T16:53:10.738z | INFO     | storeapi.main:18 - Hello from lifespaan
2025-07-02T16:53:10.745z | INFO     | uvicorn.error:62 - Application startup complete.
2025-07-02T16:53:10.746z | INFO     | uvicorn.error:216 - Uvicorn running on http://127.0.0.1:8001 (Press CTRL+C to quit)
2025-07-02T16:59:30.983z | INFO     | uvicorn.error:264 - Shutting down
2025-07-02T16:59:31.102z | INFO     | uvicorn.error:67 - Waiting for application shutdown.
2025-07-02T16:59:31.107z | INFO     | uvicorn.error:76 - Application shutdown complete.
2025-07-02T16:59:31.110z | INFO     | uvicorn.error:94 - Finished server process [34876]
2025-07-02T16:59:32.387z | INFO     | storeapi.main:18 - Hello from lifespaan
2025-07-02T16:59:32.400z | INFO     | uvicorn.error:62 - Application startup complete.
2025-07-02T16:59:33.132z | INFO     | storeapi.main:18 - Hello from lifespaan
2025-07-02T16:59:33.138z | INFO     | uvicorn.error:62 - Application startup complete.
2025-07-02T16:59:42.394z | INFO     | uvicorn.error:264 - Shutting down
2025-07-02T16:59:42.502z | INFO     | uvicorn.error:67 - Waiting for application shutdown.
2025-07-02T16:59:42.505z | INFO     | uvicorn.error:76 - Application shutdown complete.
2025-07-02T16:59:42.506z | INFO     | uvicorn.error:94 - Finished server process [38577]
2025-07-02T16:59:43.528z | INFO     | storeapi.main:18 - Hello from lifespaan
2025-07-02T16:59:43.534z | INFO     | uvicorn.error:62 - Application startup complete.
2025-07-03T08:27:22.851z | INFO     | uvicorn.error:264 - Shutting down
2025-07-03T08:27:22.991z | INFO     | uvicorn.error:67 - Waiting for application shutdown.
2025-07-03T08:27:23.000z | INFO     | uvicorn.error:76 - Application shutdown complete.
2025-07-03T08:27:23.002z | INFO     | uvicorn.error:94 - Finished server process [38689]
2025-07-03T08:27:24.926z | INFO     | storeapi.main:18 - Hello from lifespaan
2025-07-03T08:27:24.937z | INFO     | uvicorn.error:62 - Application startup complete.
2025-07-03T08:27:33.905z | INFO     | uvicorn.error:264 - Shutting down
2025-07-03T08:27:34.049z | INFO     | uvicorn.error:67 - Waiting for application shutdown.
2025-07-03T08:27:34.061z | INFO     | uvicorn.error:76 - Application shutdown complete.
2025-07-03T08:27:34.063z | INFO     | uvicorn.error:94 - Finished server process [34986]
2025-07-03T08:28:02.125z | INFO     | storeapi.main:18 - Hello from lifespaan
2025-07-03T08:28:02.153z | INFO     | uvicorn.error:62 - Application startup complete.
2025-07-03T08:28:05.419z | DEBUG    | storeapi.routers.post:34 - SELECT posts.id, posts.body 
FROM posts
2025-07-03T08:28:05.453z | INFO     | uvicorn.access:476 - 127.0.0.1:56314 - "GET /post HTTP/1.1" 200
2025-07-03T08:30:30.733z | INFO     | uvicorn.error:264 - Shutting down
2025-07-03T08:30:30.749z | INFO     | uvicorn.error:264 - Shutting down
2025-07-03T08:30:30.842z | INFO     | uvicorn.error:67 - Waiting for application shutdown.
2025-07-03T08:30:30.846z | INFO     | uvicorn.error:76 - Application shutdown complete.
2025-07-03T08:30:30.850z | INFO     | uvicorn.error:94 - Finished server process [55673]
2025-07-03T08:30:30.856z | INFO     | uvicorn.error:67 - Waiting for application shutdown.
2025-07-03T08:30:30.859z | INFO     | uvicorn.error:76 - Application shutdown complete.
2025-07-03T08:30:30.860z | INFO     | uvicorn.error:94 - Finished server process [56084]
2025-07-03T08:30:32.608z | INFO     | storeapi.main:18 - Hello from lifespaan
2025-07-03T08:30:32.660z | INFO     | uvicorn.error:62 - Application startup complete.
2025-07-03T08:30:53.769z | INFO     | storeapi.main:18 - Hello from lifespaan
2025-07-03T08:30:53.781z | INFO     | uvicorn.error:62 - Application startup complete.
2025-07-03T08:31:04.096z | INFO     | uvicorn.error:264 - Shutting down
2025-07-03T08:31:04.200z | INFO     | uvicorn.error:67 - Waiting for application shutdown.
2025-07-03T08:31:04.201z | INFO     | uvicorn.error:76 - Application shutdown complete.
2025-07-03T08:31:04.202z | INFO     | uvicorn.error:94 - Finished server process [57710]
2025-07-03T08:31:06.650z | INFO     | storeapi.main:18 - Hello from lifespaan
2025-07-03T08:31:06.656z | INFO     | uvicorn.error:62 - Application startup complete.
2025-07-03T08:31:13.429z | INFO     | storeapi.routers.post:33 - getting all
2025-07-03T08:31:13.443z | DEBUG    | storeapi.routers.post:35 - SELECT posts.id, posts.body 
FROM posts
2025-07-03T08:31:13.487z | INFO     | uvicorn.access:476 - 127.0.0.1:56718 - "GET /post HTTP/1.1" 200
2025-07-03T08:31:43.762z | INFO     | uvicorn.error:264 - Shutting down
2025-07-03T08:31:43.767z | INFO     | uvicorn.error:264 - Shutting down
2025-07-03T08:31:43.886z | INFO     | uvicorn.error:67 - Waiting for application shutdown.
2025-07-03T08:31:43.886z | INFO     | uvicorn.error:67 - Waiting for application shutdown.
2025-07-03T08:31:43.897z | INFO     | uvicorn.error:76 - Application shutdown complete.
2025-07-03T08:31:43.896z | INFO     | uvicorn.error:76 - Application shutdown complete.
2025-07-03T08:31:43.900z | INFO     | uvicorn.error:94 - Finished server process [57822]
2025-07-03T08:31:43.899z | INFO     | uvicorn.error:94 - Finished server process [57481]
2025-07-03T08:31:44.649z | INFO     | storeapi.main:18 - Hello from lifespaan
2025-07-03T08:31:44.656z | INFO     | uvicorn.error:62 - Application startup complete.
2025-07-03T08:31:44.664z | INFO     | storeapi.main:18 - Hello from lifespaan
2025-07-03T08:31:44.671z | INFO     | uvicorn.error:62 - Application startup complete.
2025-07-03T08:32:39.446z | INFO     | uvicorn.error:264 - Shutting down
2025-07-03T08:32:39.447z | INFO     | uvicorn.error:264 - Shutting down
2025-07-03T08:32:39.551z | INFO     | uvicorn.error:67 - Waiting for application shutdown.
2025-07-03T08:32:39.552z | INFO     | uvicorn.error:67 - Waiting for application shutdown.
2025-07-03T08:32:39.552z | INFO     | uvicorn.error:76 - Application shutdown complete.
2025-07-03T08:32:39.553z | INFO     | uvicorn.error:94 - Finished server process [58129]
2025-07-03T08:32:39.555z | INFO     | uvicorn.error:76 - Application shutdown complete.
2025-07-03T08:32:39.556z | INFO     | uvicorn.error:94 - Finished server process [58128]
2025-07-03T08:32:40.125z | INFO     | storeapi.main:18 - Hello from lifespaan
2025-07-03T08:32:40.132z | INFO     | uvicorn.error:62 - Application startup complete.
2025-07-03T08:32:40.138z | INFO     | storeapi.main:18 - Hello from lifespaan
2025-07-03T08:32:40.144z | INFO     | uvicorn.error:62 - Application startup complete.
2025-07-03T08:32:42.659z | INFO     | storeapi.routers.post:35 - getting all posts
2025-07-03T08:32:42.665z | DEBUG    | storeapi.routers.post:37 - SELECT posts.id, posts.body 
FROM posts
2025-07-03T08:32:42.689z | INFO     | uvicorn.access:476 - 127.0.0.1:56912 - "GET /post HTTP/1.1" 200
2025-07-03T08:32:43.039z | INFO     | storeapi.routers.post:35 - getting all posts
2025-07-03T08:32:43.040z | DEBUG    | storeapi.routers.post:37 - SELECT posts.id, posts.body 
FROM posts
2025-07-03T08:32:43.043z | INFO     | uvicorn.access:476 - 127.0.0.1:56912 - "GET /post HTTP/1.1" 200
2025-07-03T08:32:46.138z | INFO     | uvicorn.access:476 - 127.0.0.1:56912 - "POST /post HTTP/1.1" 200
2025-07-03T08:32:48.773z | INFO     | storeapi.routers.post:35 - getting all posts
2025-07-03T08:32:48.774z | DEBUG    | storeapi.routers.post:37 - SELECT posts.id, posts.body 
FROM posts
2025-07-03T08:32:48.779z | INFO     | uvicorn.access:476 - 127.0.0.1:56912 - "GET /post HTTP/1.1" 200
2025-07-03T08:33:07.464z | INFO     | storeapi.routers.post:35 - getting all posts
2025-07-03T08:33:07.467z | DEBUG    | storeapi.routers.post:37 - SELECT posts.id, posts.body 
FROM posts
2025-07-03T08:33:07.488z | INFO     | uvicorn.access:476 - 127.0.0.1:56959 - "GET /post HTTP/1.1" 200
2025-07-03T08:33:16.536z | INFO     | storeapi.routers.post:14 - finding post with id: 1
2025-07-03T08:33:16.538z | DEBUG    | storeapi.routers.post:16 - SELECT posts.id, posts.body 
FROM posts 
WHERE posts.id = :id_1
2025-07-03T08:33:16.572z | INFO     | uvicorn.access:476 - 127.0.0.1:56974 - "GET /post/1 HTTP/1.1" 200
2025-07-03T08:34:58.856z | INFO     | uvicorn.error:264 - Shutting down
2025-07-03T08:34:58.927z | INFO     | uvicorn.error:264 - Shutting down
2025-07-03T08:34:58.966z | INFO     | uvicorn.error:67 - Waiting for application shutdown.
2025-07-03T08:34:58.969z | INFO     | uvicorn.error:76 - Application shutdown complete.
2025-07-03T08:34:59.045z | INFO     | uvicorn.error:67 - Waiting for application shutdown.
2025-07-03T08:34:59.059z | INFO     | uvicorn.error:76 - Application shutdown complete.
2025-07-03T08:34:59.063z | INFO     | uvicorn.error:94 - Finished server process [58744]
2025-07-03T08:34:58.971z | INFO     | uvicorn.error:94 - Finished server process [58743]
2025-07-03T08:34:59.734z | INFO     | storeapi.main:18 - Hello from lifespaan
2025-07-03T08:34:59.740z | INFO     | uvicorn.error:62 - Application startup complete.
2025-07-03T08:34:59.751z | INFO     | storeapi.main:18 - Hello from lifespaan
2025-07-03T08:34:59.759z | INFO     | uvicorn.error:62 - Application startup complete.
2025-07-03T08:35:11.500z | INFO     | storeapi.routers.post:14 - finding post with id: 1
2025-07-03T08:35:11.505z | DEBUG    | storeapi.routers.post:16 - SELECT posts.id, posts.body 
FROM posts 
WHERE posts.id = :id_1
2025-07-03T08:35:11.583z | INFO     | uvicorn.access:476 - 127.0.0.1:57199 - "POST /comment HTTP/1.1" 200
2025-07-03T08:35:17.716z | INFO     | storeapi.routers.post:14 - finding post with id: 2
2025-07-03T08:35:17.726z | DEBUG    | storeapi.routers.post:16 - SELECT posts.id, posts.body 
FROM posts 
WHERE posts.id = :id_1
2025-07-03T08:35:17.768z | ERROR    | storeapi.routers.post:45 - post with id: 2 not found
2025-07-03T08:35:17.770z | INFO     | uvicorn.access:476 - 127.0.0.1:57210 - "POST /comment HTTP/1.1" 404
2025-07-03T08:36:04.695z | INFO     | uvicorn.error:264 - Shutting down
2025-07-03T08:36:04.714z | INFO     | uvicorn.error:264 - Shutting down
2025-07-03T08:36:04.828z | INFO     | uvicorn.error:67 - Waiting for application shutdown.
2025-07-03T08:36:04.845z | INFO     | uvicorn.error:67 - Waiting for application shutdown.
2025-07-03T08:36:04.848z | INFO     | uvicorn.error:76 - Application shutdown complete.
2025-07-03T08:36:04.852z | INFO     | uvicorn.error:94 - Finished server process [60761]
2025-07-03T08:36:04.853z | INFO     | uvicorn.error:76 - Application shutdown complete.
2025-07-03T08:36:04.857z | INFO     | uvicorn.error:94 - Finished server process [60762]
2025-07-03T08:36:05.495z | INFO     | storeapi.main:18 - Hello from lifespaan
2025-07-03T08:36:05.500z | INFO     | uvicorn.error:62 - Application startup complete.
2025-07-03T08:36:05.540z | INFO     | storeapi.main:18 - Hello from lifespaan
2025-07-03T08:36:05.546z | INFO     | uvicorn.error:62 - Application startup complete.
2025-07-03T08:36:52.456z | INFO     | uvicorn.error:264 - Shutting down
2025-07-03T08:36:52.456z | INFO     | uvicorn.error:264 - Shutting down
2025-07-03T08:36:52.565z | INFO     | uvicorn.error:67 - Waiting for application shutdown.
2025-07-03T08:36:52.567z | INFO     | uvicorn.error:67 - Waiting for application shutdown.
2025-07-03T08:36:52.581z | INFO     | uvicorn.error:76 - Application shutdown complete.
2025-07-03T08:36:52.583z | INFO     | uvicorn.error:94 - Finished server process [61378]
2025-07-03T08:36:52.592z | INFO     | uvicorn.error:76 - Application shutdown complete.
2025-07-03T08:36:52.595z | INFO     | uvicorn.error:94 - Finished server process [61379]
2025-07-03T08:36:53.574z | INFO     | storeapi.main:18 - Hello from lifespaan
2025-07-03T08:36:53.586z | INFO     | uvicorn.error:62 - Application startup complete.
2025-07-03T08:36:53.590z | INFO     | storeapi.main:18 - Hello from lifespaan
2025-07-03T08:36:53.597z | INFO     | uvicorn.error:62 - Application startup complete.
2025-07-03T08:37:35.712z | INFO     | uvicorn.error:264 - Shutting down
2025-07-03T08:37:35.816z | INFO     | uvicorn.error:67 - Waiting for application shutdown.
2025-07-03T08:37:35.820z | INFO     | uvicorn.error:76 - Application shutdown complete.
2025-07-03T08:37:35.824z | INFO     | uvicorn.error:94 - Finished server process [62580]
